IDLE | no tasks
IDLE | no tasks
IDLE | no tasks
IDLE | no tasks
IDLE | no tasks
IDLE | no tasks
IDLE | no tasks
IDLE | no tasks
IDLE | no tasks
IDLE | no tasks
IDLE | no tasks
IDLE | no tasks
IDLE | no tasks
IDLE | no tasks
IDLE | no tasks
IDLE | no tasks
IDLE | no tasks
IDLE | no tasks
IDLE | no tasks
IDLE | no tasks
IDLE | no tasks
IDLE | no tasks
IDLE | no tasks
IDLE | no tasks
IDLE | no tasks
TASK-098 | NAV-R6: 集成测试 — 5场景 | in_progress | assigned
TASK-098 | NAV-R6: 集成测试 — 5场景 | in_progress | continue_current
TASK-098 | NAV-R6: 集成测试 — 5场景 | in_progress | continue_current
TASK-098 | NAV-R6: 集成测试 — 5场景 | in_progress | assigned
TASK-098 | NAV-R6: 集成测试 — 5场景 | in_progress | continue_current
TASK-098 | NAV-R6: 集成测试 — 5场景 | in_progress | continue_current
TASK-098 | NAV-R6: 集成测试 — 5场景 | in_progress | assigned
TASK-098 | NAV-R6: 集成测试 — 5场景 | in_progress | continue_current
TASK-098 | NAV-R6: 集成测试 — 5场景 | in_progress | continue_current
TASK-098 | NAV-R6: 集成测试 — 5场景 | in_progress | assigned
TASK-098 | NAV-R6: 集成测试 — 5场景 | in_progress | continue_current
TASK-098 | NAV-R6: 集成测试 — 5场景 | in_progress | continue_current
TASK-098 | NAV-R6: 集成测试 — 5场景 | in_progress | assigned
TASK-098 | NAV-R6: 集成测试 — 5场景 | in_progress | continue_current
TASK-098 | NAV-R6: 集成测试 — 5场景 | in_progress | continue_current
IDLE | no tasks
IDLE | no tasks
IDLE | no tasks
IDLE | no tasks
IDLE | no tasks
IDLE | no tasks
IDLE | no tasks
IDLE | no tasks
IDLE | no tasks
IDLE | no tasks
IDLE | no tasks
IDLE | no tasks
IDLE | no tasks
IDLE | no tasks
IDLE | no tasks
IDLE | no tasks
IDLE | no tasks
IDLE | no tasks
IDLE | no tasks
IDLE | no tasks
IDLE | no tasks
IDLE | no tasks
IDLE | no tasks
IDLE | no tasks
IDLE | no tasks
IDLE | no tasks
IDLE | no tasks
IDLE | no tasks
IDLE | no tasks
IDLE | no tasks
IDLE | no tasks
IDLE | no tasks
IDLE | no tasks
IDLE | no tasks
IDLE | no tasks
IDLE | no tasks
IDLE | no tasks
IDLE | no tasks
IDLE | no tasks
IDLE | no tasks
IDLE | no tasks
IDLE | no tasks
IDLE | no tasks
IDLE | no tasks
IDLE | no tasks
IDLE | no tasks
IDLE | no tasks
IDLE | no tasks
IDLE | no tasks
IDLE | no tasks
IDLE | no tasks
IDLE | no tasks
IDLE | no tasks
IDLE | no tasks
IDLE | no tasks
IDLE | no tasks
IDLE | no tasks
IDLE | no tasks
IDLE | no tasks
IDLE | no tasks
IDLE | no tasks
IDLE | no tasks
IDLE | no tasks
IDLE | no tasks
IDLE | no tasks
IDLE | no tasks
IDLE | no tasks
IDLE | no tasks
IDLE | no tasks
IDLE | no tasks
TASK-098 | NAV-R6: 集成测试 — 5场景 | in_progress | continue_current
TASK-098 | NAV-R6: 集成测试 — 5场景 | in_progress | assigned
TASK-098 | NAV-R6: 集成测试 — 5场景 | in_progress | continue_current
TASK-098 | NAV-R6: 集成测试 — 5场景 | in_progress | continue_current
TASK-098 | NAV-R6: 集成测试 — 5场景 | in_progress | continue_current
TASK-099 | NAV-QA1: 俊秀审计 — R1~R3 进行中任务 | in_progress | assigned
TASK-099 | NAV-QA1: 俊秀审计 — R1~R3 进行中任务 | in_progress | continue_current
IDLE | no tasks
TASK-099 | NAV-QA1: 俊秀审计 — R1~R3 进行中任务 | in_progress | continue_current
TASK-099 | NAV-QA1: 俊秀审计 — R1~R3 进行中任务 | in_progress | continue_current
