IDLE | no tasks
IDLE | no tasks
IDLE | no tasks
IDLE | no tasks
IDLE | no tasks
IDLE | no tasks
IDLE | no tasks
IDLE | no tasks
IDLE | no tasks
IDLE | no tasks
IDLE | no tasks
IDLE | no tasks
IDLE | no tasks
TASK-091 | NAV-7: A2实机SDK对接 — Unitree SDK通信+控制基础 | in_progress | continue_current
TASK-091 | NAV-7: A2实机SDK对接 — Unitree SDK通信+控制基础 | in_progress | continue_current
TASK-092 | A2-4: GO2 RL例程 → A2适配 — Isaac Gym RL策略迁移 | in_progress | continue_current
TASK-092 | A2-4: GO2 RL例程 → A2适配 — Isaac Gym RL策略迁移 | in_progress | continue_current
TASK-091 | NAV-7: A2实机SDK对接 — Unitree SDK通信+控制基础 | in_progress | continue_current
TASK-091 | NAV-7: A2实机SDK对接 — Unitree SDK通信+控制基础 | in_progress | continue_current
TASK-091 | NAV-7: A2实机SDK对接 — Unitree SDK通信+控制基础 | in_progress | continue_current
TASK-091 | NAV-7: A2实机SDK对接 — Unitree SDK通信+控制基础 | in_progress | continue_current
TASK-091 | NAV-7: A2实机SDK对接 — Unitree SDK通信+控制基础 | in_progress | assigned
TASK-091 | NAV-7: A2实机SDK对接 — Unitree SDK通信+控制基础 | in_progress | continue_current
TASK-091 | NAV-7: A2实机SDK对接 — Unitree SDK通信+控制基础 | in_progress | continue_current
IDLE | no tasks
IDLE | no tasks
IDLE | no tasks
IDLE | no tasks
TASK-095 | NAV-R3: Nav2路径规划适配 | in_progress | continue_current
TASK-095 | NAV-R3: Nav2路径规划适配 | in_progress | continue_current
TASK-095 | NAV-R3: Nav2路径规划适配 | in_progress | assigned
TASK-095 | NAV-R3: Nav2路径规划适配 | in_progress | continue_current
TASK-095 | NAV-R3: Nav2路径规划适配 | in_progress | continue_current
TASK-095 | NAV-R3: Nav2路径规划适配 | in_progress | continue_current
TASK-095 | NAV-R3: Nav2路径规划适配 | in_progress | continue_current
TASK-095 | NAV-R3: Nav2路径规划适配 | in_progress | assigned
TASK-095 | NAV-R3: Nav2路径规划适配 | in_progress | continue_current
TASK-095 | NAV-R3: Nav2路径规划适配 | in_progress | continue_current
TASK-095 | NAV-R3: Nav2路径规划适配 | in_progress | continue_current
TASK-095 | NAV-R3: Nav2路径规划适配 | in_progress | continue_current
TASK-059 | 【MC API】功勋事件 API 实现 — POST /api/merits/event + GET leaderboard | in_progress | continue_current
TASK-059 | 【MC API】功勋事件 API 实现 — POST /api/merits/event + GET leaderboard | in_progress | continue_current
TASK-059 | 【MC API】功勋事件 API 实现 — POST /api/merits/event + GET leaderboard | in_progress | assigned
TASK-059 | 【MC API】功勋事件 API 实现 — POST /api/merits/event + GET leaderboard | in_progress | continue_current
TASK-059 | 【MC API】功勋事件 API 实现 — POST /api/merits/event + GET leaderboard | in_progress | continue_current
TASK-059 | 【MC API】功勋事件 API 实现 — POST /api/merits/event + GET leaderboard | in_progress | continue_current
TASK-059 | 【MC API】功勋事件 API 实现 — POST /api/merits/event + GET leaderboard | in_progress | continue_current
TASK-059 | 【MC API】功勋事件 API 实现 — POST /api/merits/event + GET leaderboard | in_progress | continue_current
TASK-059 | 【MC API】功勋事件 API 实现 — POST /api/merits/event + GET leaderboard | in_progress | continue_current
TASK-059 | 【MC API】功勋事件 API 实现 — POST /api/merits/event + GET leaderboard | in_progress | assigned
TASK-059 | 【MC API】功勋事件 API 实现 — POST /api/merits/event + GET leaderboard | in_progress | continue_current
TASK-059 | 【MC API】功勋事件 API 实现 — POST /api/merits/event + GET leaderboard | in_progress | continue_current
TASK-061 | 【MC集成】PromotionEngine 接入 — 路由 + 晋升检查 | in_progress | continue_current
TASK-061 | 【MC集成】PromotionEngine 接入 — 路由 + 晋升检查 | in_progress | continue_current
TASK-061 | 【MC集成】PromotionEngine 接入 — 路由 + 晋升检查 | in_progress | continue_current
TASK-061 | 【MC集成】PromotionEngine 接入 — 路由 + 晋升检查 | in_progress | continue_current
TASK-061 | 【MC集成】PromotionEngine 接入 — 路由 + 晋升检查 | in_progress | continue_current
TASK-061 | 【MC集成】PromotionEngine 接入 — 路由 + 晋升检查 | in_progress | continue_current
TASK-061 | 【MC集成】PromotionEngine 接入 — 路由 + 晋升检查 | in_progress | continue_current
TASK-061 | 【MC集成】PromotionEngine 接入 — 路由 + 晋升检查 | in_progress | continue_current
TASK-061 | 【MC集成】PromotionEngine 接入 — 路由 + 晋升检查 | in_progress | continue_current
TASK-061 | 【MC集成】PromotionEngine 接入 — 路由 + 晋升检查 | in_progress | assigned
TASK-061 | 【MC集成】PromotionEngine 接入 — 路由 + 晋升检查 | in_progress | continue_current
TASK-061 | 【MC集成】PromotionEngine 接入 — 路由 + 晋升检查 | in_progress | continue_current
TASK-092 | A2-4: GO2 RL例程 → A2适配 — Isaac Gym RL策略迁移 | in_progress | continue_current
TASK-092 | A2-4: GO2 RL例程 → A2适配 — Isaac Gym RL策略迁移 | in_progress | continue_current
TASK-092 | A2-4: GO2 RL例程 → A2适配 — Isaac Gym RL策略迁移 | in_progress | continue_current
TASK-092 | A2-4: GO2 RL例程 → A2适配 — Isaac Gym RL策略迁移 | in_progress | continue_current
TASK-092 | A2-4: GO2 RL例程 → A2适配 — Isaac Gym RL策略迁移 | in_progress | continue_current
TASK-092 | A2-4: GO2 RL例程 → A2适配 — Isaac Gym RL策略迁移 | in_progress | continue_current
TASK-092 | A2-4: GO2 RL例程 → A2适配 — Isaac Gym RL策略迁移 | in_progress | continue_current
TASK-092 | A2-4: GO2 RL例程 → A2适配 — Isaac Gym RL策略迁移 | in_progress | continue_current
TASK-092 | A2-4: GO2 RL例程 → A2适配 — Isaac Gym RL策略迁移 | in_progress | continue_current
IDLE | no tasks
IDLE | no tasks
IDLE | no tasks
IDLE | no tasks
IDLE | no tasks
IDLE | no tasks
IDLE | no tasks
IDLE | no tasks
IDLE | no tasks
IDLE | no tasks
IDLE | no tasks
IDLE | no tasks
IDLE | no tasks
IDLE | no tasks
IDLE | no tasks
IDLE | no tasks
IDLE | no tasks
IDLE | no tasks
IDLE | no tasks
IDLE | no tasks
IDLE | no tasks
IDLE | no tasks
IDLE | no tasks
IDLE | no tasks
IDLE | no tasks
IDLE | no tasks
IDLE | no tasks
IDLE | no tasks
IDLE | no tasks
IDLE | no tasks
IDLE | no tasks
IDLE | no tasks
IDLE | no tasks
IDLE | no tasks
IDLE | no tasks
IDLE | no tasks
IDLE | no tasks
IDLE | no tasks
IDLE | no tasks
IDLE | no tasks
TASK-095 | NAV-R3: Nav2路径规划适配 | in_progress | continue_current
TASK-091 | NAV-7: A2实机SDK对接 — Unitree SDK通信+控制基础 | in_progress | continue_current
TASK-091 | NAV-7: A2实机SDK对接 — Unitree SDK通信+控制基础 | in_progress | continue_current
TASK-091 | NAV-7: A2实机SDK对接 — Unitree SDK通信+控制基础 | in_progress | continue_current
TASK-095 | NAV-R3: Nav2路径规划适配 | in_progress | continue_current
TASK-095 | NAV-R3: Nav2路径规划适配 | in_progress | continue_current
TASK-095 | NAV-R3: Nav2路径规划适配 | in_progress | continue_current
IDLE | no tasks
TASK-091 | NAV-7: A2实机SDK对接 — Unitree SDK通信+控制基础 | in_progress | continue_current
TASK-091 | NAV-7: A2实机SDK对接 — Unitree SDK通信+控制基础 | in_progress | continue_current
